==================================================
      🚀 REWARDS AUTOMATION ENGINE - PRO v2.0
==================================================

🚀 [AUTÔNOMO] Iniciando processamento para: viniciusphdu@gmail.com
🌐 Verificando sessão para: viniciusphdu@gmail.com...
✅ Sessão ativa detectada!
💰 Saldo Inicial (viniciusphdu@gmail.com): 23789 pts
🛠️  Processando Daily Set com Verificação de Validação...
⚠️ Erro fatal no Daily Set: Locator.count: Target page, context or browser has been closed
🚀 Iniciando motor de busca DESKTOP...
⚠️ Erro na busca 1: Page.goto: Target page, context or browser has been closed
⚠️ Erro na busca 2: Page.goto: Target page, context or browser has been closed
⚠️ Erro na busca 3: Page.goto: Target page, context or browser has been closed
⚠️ Erro na busca 4: Page.goto: Target page, context or browser has been closed
⚠️ Erro na busca 5: Page.goto: Target page, context or browser has been closed
⚠️ Erro na busca 6: Page.goto: Target page, context or browser has been closed
⚠️ Erro na busca 7: Page.goto: Target page, context or browser has been closed
⚠️ Erro na busca 8: Page.goto: Target page, context or browser has been closed
⚠️ Erro na busca 9: Page.goto: Target page, context or browser has been closed
⚠️ Erro na busca 10: Page.goto: Target page, context or browser has been closed
⚠️ Erro na busca 11: Page.goto: Target page, context or browser has been closed
⚠️ Erro na busca 12: Page.goto: Target page, context or browser has been closed
⚠️ Erro na busca 13: Page.goto: Target page, context or browser has been closed
⚠️ Erro na busca 14: Page.goto: Target page, context or browser has been closed
⚠️ Erro na busca 15: Page.goto: Target page, context or browser has been closed
⚠️ Erro na busca 16: Page.goto: Target page, context or browser has been closed
⚠️ Erro na busca 17: Page.goto: Target page, context or browser has been closed
⚠️ Erro na busca 18: Page.goto: Target page, context or browser has been closed
⚠️ Erro na busca 19: Page.goto: Target page, context or browser has been closed
⚠️ Erro na busca 20: Page.goto: Target page, context or browser has been closed
⚠️ Erro na busca 21: Page.goto: Target page, context or browser has been closed
⚠️ Erro na busca 22: Page.goto: Target page, context or browser has been closed
⚠️ Erro na busca 23: Page.goto: Target page, context or browser has been closed
⚠️ Erro na busca 24: Page.goto: Target page, context or browser has been closed
⚠️ Erro na busca 25: Page.goto: Target page, context or browser has been closed
⚠️ Erro na busca 26: Page.goto: Target page, context or browser has been closed
⚠️ Erro na busca 27: Page.goto: Target page, context or browser has been closed
⚠️ Erro na busca 28: Page.goto: Target page, context or browser has been closed
⚠️ Erro na busca 29: Page.goto: Target page, context or browser has been closed
⚠️ Erro na busca 30: Page.goto: Target page, context or browser has been closed
⚠️ Erro na busca 31: Page.goto: Target page, context or browser has been closed
⚠️ Erro na busca 32: Page.goto: Target page, context or browser has been closed
⚠️ Erro na busca 33: Page.goto: Target page, context or browser has been closed
⚠️ Erro na busca 34: Page.goto: Target page, context or browser has been closed
⚠️ Erro na busca 35: Page.goto: Target page, context or browser has been closed
📱 Alternando para o Motor Mobile (Moto G52)...
🌐 Verificando sessão para: viniciusphdu@gmail.com...
✅ Sessão ativa detectada!
🚀 Iniciando motor de busca MOBILE...
🔎 [MOBILE] (1/25) : movies ideas
🔎 [MOBILE] (2/25) : science 2026
🔎 [MOBILE] (3/25) : science future
🔎 [MOBILE] (4/25) : news new
🔎 [MOBILE] (5/25) : tech tech guide 2026
🔎 [MOBILE] (6/25) : movies new
🔎 [MOBILE] (7/25) : tech tech guide 2026
🔎 [MOBILE] (8/25) : tech 2026
🔎 [MOBILE] (9/25) : travel how to travel
🔎 [MOBILE] (10/25) : news news new 2026
🔎 [MOBILE] (11/25) : movies movies guide 2026
🔎 [MOBILE] (12/25) : news 2026
🔎 [MOBILE] (13/25) : tech tech ideas 2026
🔎 [MOBILE] (14/25) : science science tips
🔎 [MOBILE] (15/25) : science science guide 2026
🔎 [MOBILE] (16/25) : science 2026
🔎 [MOBILE] (17/25) : tech 2025
🔎 [MOBILE] (18/25) : tech top rated
🔎 [MOBILE] (19/25) : movies movies top rated 2026
🔎 [MOBILE] (20/25) : news new
🔎 [MOBILE] (21/25) : travel travel guide 2026
🔎 [MOBILE] (22/25) : travel ideas
🔎 [MOBILE] (23/25) : science science top rated 2026
🔎 [MOBILE] (24/25) : science science today 2026
🔎 [MOBILE] (25/25) : movies this week
🏁 Saldo Final: 23846 pts | Ganho na sessão: +57 pts

========================================
📊 RELATÓRIO DE SESSÃO CORPORATIVO
========================================
📧 Conta: viniciusphdu@gmail.com
💰 Saldo Inicial: 23789
💎 Saldo Final: 23846
✅ GANHOS TOTAIS: +57 pts
--------------------
🛠️ ATIVIDADES REALIZADAS:
 - [04:36:00] Buscas DESKTOP: Concluído
 - [04:43:43] Buscas MOBILE: Concluído
========================================

⚠️ Error sending Discord notification: Invalid URL 'yourdiscordhookURLhere': No scheme supplied. Perhaps you meant https://yourdiscordhookURLhere?

🏁 OPERAÇÃO CONCLUÍDA COM SUCESSO.
